[2025-03-27 23:18:58] [INFO] ✅ Computation device set to cuda. Successfully connected to Upbit account.
[2025-03-27 23:18:59] [INFO] 
✅ Dataframe initiated successfully to 'inputs/bitcoin_prices_minute60.csv'.
[2025-03-27 23:30:32] [INFO] ✅Model saved.
[2025-03-27 23:30:32] [INFO] 📉 Loss curve saved to outputs/minute60/training_loss_curve.png.
[2025-03-27 23:30:36] [INFO] 
✅ Results saved successfully to 'outputs/minute60/ALSTM_trading_strategy_evaluation.csv'.
[2025-03-27 23:54:50] [INFO] ✅ Computation device set to cuda. Successfully connected to Upbit account.
[2025-03-27 23:54:50] [INFO] 
✅ Dataframe initiated successfully to 'inputs/bitcoin_prices_minute60.csv'.
[2025-03-28 00:09:28] [INFO] ✅Model saved.
[2025-03-28 00:09:28] [INFO] 📉 Loss curve saved to outputs/minute60/training_loss_curve.png.
[2025-03-28 00:09:33] [INFO] 
✅ Results saved successfully to 'outputs/minute60/ALSTM_trading_strategy_evaluation.csv'.
[2025-03-28 00:11:03] [INFO] ✅ Computation device set to cuda. Successfully connected to Upbit account.
[2025-03-28 00:11:03] [INFO] 
✅ Dataframe initiated successfully to 'inputs/bitcoin_prices_minute60.csv'.
[2025-03-28 00:30:42] [INFO] ✅Model saved.
[2025-03-28 00:30:42] [INFO] 📉 Loss curve saved to outputs/minute60/training_loss_curve.png.
[2025-03-28 00:30:45] [INFO] 
✅ Results saved successfully to 'outputs/minute60/ALSTM_trading_strategy_evaluation.csv'.
[2025-03-28 00:35:36] [INFO] ✅ Computation device set to cuda. Successfully connected to Upbit account.
[2025-03-28 00:35:36] [INFO] 
✅ Dataframe initiated successfully to 'inputs/bitcoin_prices_minute60.csv'.
[2025-03-28 00:59:56] [INFO] ✅ Computation device set to cuda. Successfully connected to Upbit account.
[2025-03-28 00:59:56] [INFO] 
✅ Dataframe initiated successfully to 'inputs/bitcoin_prices_minute60.csv'.
[2025-03-28 01:12:54] [INFO] ✅Model saved.
[2025-03-28 01:12:55] [INFO] 📉 Loss curve saved to outputs/minute60/training_loss_curve.png.
[2025-03-28 01:12:57] [INFO] 
✅ Results saved successfully to 'outputs/minute60/ALSTM_trading_strategy_evaluation.csv'.
[2025-03-28 01:21:13] [INFO] ✅ Computation device set to cuda. Successfully connected to Upbit account.
[2025-03-28 01:21:13] [INFO] 
✅ Dataframe initiated successfully to 'inputs/bitcoin_prices_minute60.csv'.
[2025-03-28 01:21:47] [INFO] ✅ Computation device set to cuda. Successfully connected to Upbit account.
[2025-03-28 01:21:47] [INFO] 
✅ Dataframe initiated successfully to 'inputs/bitcoin_prices_minute60.csv'.
[2025-03-28 01:28:27] [INFO] ✅ Computation device set to cuda. Successfully connected to Upbit account.
[2025-03-28 01:28:27] [INFO] 
✅ Dataframe initiated successfully to 'inputs/bitcoin_prices_minute60.csv'.
[2025-03-28 01:44:35] [INFO] ✅Model saved.
[2025-03-28 01:44:35] [INFO] 📉 Loss curve saved to outputs/minute60/training_loss_curve.png.
[2025-03-28 01:44:36] [INFO] 
✅ Results saved successfully to 'outputs/minute60/ALSTM_trading_strategy_evaluation.csv'.
[2025-03-28 01:48:59] [INFO] ✅ Computation device set to cuda. Successfully connected to Upbit account.
[2025-03-28 01:48:59] [INFO] 
✅ Dataframe initiated successfully to 'inputs/bitcoin_prices_minute60.csv'.
[2025-03-28 02:03:43] [INFO] ✅Model saved.
[2025-03-28 02:03:43] [INFO] 📉 Loss curve saved to outputs/minute60/training_loss_curve.png.
[2025-03-28 02:03:44] [INFO] 
✅ Results saved successfully to 'outputs/minute60/ALSTM_trading_strategy_evaluation.csv'.
[2025-03-28 02:16:17] [INFO] ✅ Computation device set to cuda. Successfully connected to Upbit account.
[2025-03-28 02:16:17] [INFO] 
✅ Dataframe initiated successfully to 'inputs/bitcoin_prices_minute60.csv'.
[2025-03-28 02:27:00] [INFO] ✅Model saved.
[2025-03-28 02:27:00] [INFO] 📉 Loss curve saved to outputs/minute60/training_loss_curve.png.
[2025-03-28 02:27:01] [INFO] 
✅ Results saved successfully to 'outputs/minute60/ALSTM_trading_strategy_evaluation.csv'.
