[2025-03-25 00:48:02] [INFO] ✅ Computation device set to cuda. Successfully connected to Upbit account.
[2025-03-25 00:48:02] [INFO] 
✅ Dataframe initiated successfully to 'inputs/bitcoin_prices_minute240.csv'.
[2025-03-25 00:51:42] [INFO] ✅ Computation device set to cuda. Successfully connected to Upbit account.
[2025-03-25 00:51:42] [INFO] 
✅ Dataframe initiated successfully to 'inputs/bitcoin_prices_minute240.csv'.
[2025-03-25 00:54:34] [INFO] ✅Model saved.
[2025-03-25 00:54:35] [INFO] 📉 Loss curve saved to outputs/training_loss_curve.png.
[2025-03-25 00:54:35] [INFO] 
✅ Results saved successfully to 'outputs/ALSTM_trading_strategy_evaluation.csv'.
[2025-03-25 00:56:34] [INFO] ✅ Computation device set to cuda. Successfully connected to Upbit account.
[2025-03-25 00:56:34] [INFO] 
✅ Dataframe initiated successfully to 'inputs/bitcoin_prices_minute240.csv'.
[2025-03-25 00:59:12] [INFO] ✅Model saved.
[2025-03-25 00:59:13] [INFO] 📉 Loss curve saved to outputs/training_loss_curve.png.
[2025-03-25 00:59:13] [INFO] 
✅ Results saved successfully to 'outputs/ALSTM_trading_strategy_evaluation.csv'.
[2025-03-25 01:07:25] [INFO] ✅ Computation device set to cuda. Successfully connected to Upbit account.
[2025-03-25 01:07:25] [INFO] 
✅ Dataframe initiated successfully to 'inputs/bitcoin_prices_minute240.csv'.
[2025-03-25 01:09:40] [INFO] ✅Model saved.
[2025-03-25 01:09:40] [INFO] 📉 Loss curve saved to outputs/training_loss_curve.png.
[2025-03-25 01:09:41] [INFO] 
✅ Results saved successfully to 'outputs/ALSTM_trading_strategy_evaluation.csv'.
